Determining if the pthread_create exist failed with the following output:
Change Dir: /usr/catkin_ws_efop/build/CMakeFiles/CMakeTmp

Run Build Command:"/usr/bin/make" "cmTC_afadb/fast"
/usr/bin/make -f CMakeFiles/cmTC_afadb.dir/build.make CMakeFiles/cmTC_afadb.dir/build
make[1]: Entering directory '/usr/catkin_ws_efop/build/CMakeFiles/CMakeTmp'
Building C object CMakeFiles/cmTC_afadb.dir/CheckSymbolExists.c.o
/usr/bin/cc    -o CMakeFiles/cmTC_afadb.dir/CheckSymbolExists.c.o   -c /usr/catkin_ws_efop/build/CMakeFiles/CMakeTmp/CheckSymbolExists.c
Linking C executable cmTC_afadb
/usr/bin/cmake -E cmake_link_script CMakeFiles/cmTC_afadb.dir/link.txt --verbose=1
/usr/bin/cc      -rdynamic CMakeFiles/cmTC_afadb.dir/CheckSymbolExists.c.o  -o cmTC_afadb 
CMakeFiles/cmTC_afadb.dir/CheckSymbolExists.c.o: In function `main':
CheckSymbolExists.c:(.text+0x1b): undefined reference to `pthread_create'
collect2: error: ld returned 1 exit status
CMakeFiles/cmTC_afadb.dir/build.make:97: recipe for target 'cmTC_afadb' failed
make[1]: *** [cmTC_afadb] Error 1
make[1]: Leaving directory '/usr/catkin_ws_efop/build/CMakeFiles/CMakeTmp'
Makefile:126: recipe for target 'cmTC_afadb/fast' failed
make: *** [cmTC_afadb/fast] Error 2

File /usr/catkin_ws_efop/build/CMakeFiles/CMakeTmp/CheckSymbolExists.c:
/* */
#include <pthread.h>

int main(int argc, char** argv)
{
  (void)argv;
#ifndef pthread_create
  return ((int*)(&pthread_create))[argc];
#else
  (void)argc;
  return 0;
#endif
}

Determining if the function pthread_create exists in the pthreads failed with the following output:
Change Dir: /usr/catkin_ws_efop/build/CMakeFiles/CMakeTmp

Run Build Command:"/usr/bin/make" "cmTC_92d0c/fast"
/usr/bin/make -f CMakeFiles/cmTC_92d0c.dir/build.make CMakeFiles/cmTC_92d0c.dir/build
make[1]: Entering directory '/usr/catkin_ws_efop/build/CMakeFiles/CMakeTmp'
Building C object CMakeFiles/cmTC_92d0c.dir/CheckFunctionExists.c.o
/usr/bin/cc   -DCHECK_FUNCTION_EXISTS=pthread_create   -o CMakeFiles/cmTC_92d0c.dir/CheckFunctionExists.c.o   -c /usr/share/cmake-3.10/Modules/CheckFunctionExists.c
Linking C executable cmTC_92d0c
/usr/bin/cmake -E cmake_link_script CMakeFiles/cmTC_92d0c.dir/link.txt --verbose=1
/usr/bin/cc  -DCHECK_FUNCTION_EXISTS=pthread_create    -rdynamic CMakeFiles/cmTC_92d0c.dir/CheckFunctionExists.c.o  -o cmTC_92d0c -lpthreads 
/usr/bin/ld: cannot find -lpthreads
collect2: error: ld returned 1 exit status
CMakeFiles/cmTC_92d0c.dir/build.make:97: recipe for target 'cmTC_92d0c' failed
make[1]: *** [cmTC_92d0c] Error 1
make[1]: Leaving directory '/usr/catkin_ws_efop/build/CMakeFiles/CMakeTmp'
Makefile:126: recipe for target 'cmTC_92d0c/fast' failed
make: *** [cmTC_92d0c/fast] Error 2


